create table article2 like article;
insert into article2 select * from article;
alter table article2 change movid movid varchar(100);
alter table article2 add movlink varchar(200);
alter table article2 add new tinyint(1) DEFAULT '1';
alter table article2 add index acc_new (acc,new);
update article2 set new = 0 where updated_at < '2016-12-27 15:45:00';

CREATE UNIQUE INDEX blogid_url_unique on article2 (blogid, url(1023));

alter table sites add `javynow` text NOT NULL;
alter table sites add `VJAV` text NOT NULL;
alter table sites add `ShareVideos` text NOT NULL;
alter table sites add `TokyoTube` text NOT NULL;
alter table sites add `Tube8` text NOT NULL;
alter table sites add `spankbang` text NOT NULL;
alter table sites add `youporn` text NOT NULL;
alter table sites add `txxx` text NOT NULL;
alter table sites add `post_status` varchar(10) NOT NULL DEFAULT '';
alter table sites add `xvideo__movlink` text;
alter table sites add `fc2__movlink` text;
alter table sites add `fc2ja__movlink` text;
alter table sites add `xhamster__movlink` text;
alter table sites add `redtube__movlink` text;
alter table sites add `erovideonet__movlink` text;
alter table sites add `pornhub__movlink` text;
alter table sites add `pipii__movlink` text;
alter table sites add `javynow__movlink` text;
alter table sites add `VJAV__movlink` text;
alter table sites add `ShareVideos__movlink` text;
alter table sites add `TokyoTube__movlink` text;
alter table sites add `Tube8__movlink` text;
alter table sites add `spankbang__movlink` text;
alter table sites add `youporn__movlink` text;
alter table sites add `txxx__movlink` text;
alter table sites add `isPostCategory` tinyint(1) DEFAULT '0';

update sites set post_status = 'publish';
